\BOOKMARK [0][-]{chapter.1}{\376\377\0001\000\040\003\231\003\265\003\301\003\261\003\301\003\307\003\271\003\272\003\314\000\040\003\225\003\305\003\301\003\265\003\304\003\256\003\301\003\271\003\277}{}% 1
\BOOKMARK [1][-]{section.1.1}{\376\377\0001\000.\0001\000\040\003\231\003\265\003\301\003\261\003\301\003\307\003\257\003\261\000\040\003\232\003\273\003\254\003\303\003\265\003\311\003\275}{chapter.1}% 2
\BOOKMARK [0][-]{chapter.2}{\376\377\0002\000\040\003\243\003\305\003\274\003\300\003\261\003\263\003\255\003\302\000\040\003\225\003\305\003\301\003\265\003\304\003\256\003\301\003\271\003\277}{}% 3
\BOOKMARK [1][-]{section.2.1}{\376\377\0002\000.\0001\000\040\003\233\003\257\003\303\003\304\003\261\000\040\003\232\003\273\003\254\003\303\003\265\003\311\003\275}{chapter.2}% 4
\BOOKMARK [0][-]{chapter.3}{\376\377\0003\000\040\003\244\003\265\003\272\003\274\003\267\003\301\003\257\003\311\003\303\003\267\000\040\003\232\003\273\003\254\003\303\003\265\003\311\003\275}{}% 5
\BOOKMARK [1][-]{section.3.1}{\376\377\0003\000.\0001\000\040\003\244\003\265\003\272\003\274\003\267\003\301\003\257\003\311\003\303\003\267\000\040\003\232\003\273\003\254\003\303\003\267\003\302\000\040\000A\000x\000e}{chapter.3}% 6
\BOOKMARK [1][-]{section.3.2}{\376\377\0003\000.\0002\000\040\003\244\003\265\003\272\003\274\003\267\003\301\003\257\003\311\003\303\003\267\000\040\003\232\003\273\003\254\003\303\003\267\003\302\000\040\000C\000o\000c\000o\000n\000u\000t}{chapter.3}% 7
\BOOKMARK [2][-]{subsection.3.2.1}{\376\377\0003\000.\0002\000.\0001\000\040\003\233\003\265\003\300\003\304\003\277\003\274\003\265\003\301\003\256\003\302\000\040\003\240\003\265\003\301\003\271\003\263\003\301\003\261\003\306\003\256}{section.3.2}% 8
\BOOKMARK [1][-]{section.3.3}{\376\377\0003\000.\0003\000\040\003\244\003\265\003\272\003\274\003\267\003\301\003\257\003\311\003\303\003\267\000\040\003\232\003\273\003\254\003\303\003\267\003\302\000\040\000C\000S\000V\000R\000o\000w}{chapter.3}% 9
\BOOKMARK [2][-]{subsection.3.3.1}{\376\377\0003\000.\0003\000.\0001\000\040\003\233\003\265\003\300\003\304\003\277\003\274\003\265\003\301\003\256\003\302\000\040\003\240\003\265\003\301\003\271\003\263\003\301\003\261\003\306\003\256}{section.3.3}% 10
\BOOKMARK [2][-]{subsection.3.3.2}{\376\377\0003\000.\0003\000.\0002\000\040\003\244\003\265\003\272\003\274\003\267\003\301\003\257\003\311\003\303\003\267\000\040\003\243\003\305\003\275\003\261\003\301\003\304\003\256\003\303\003\265\003\311\003\275\000\040\003\234\003\265\003\273\003\316\003\275}{section.3.3}% 11
\BOOKMARK [3][-]{subsubsection.3.3.2.1}{\376\377\0003\000.\0003\000.\0002\000.\0001\000\040\000o\000p\000e\000r\000a\000t\000o\000r\000[\000]\000\050\000\051}{subsection.3.3.2}% 12
\BOOKMARK [3][-]{subsubsection.3.3.2.2}{\376\377\0003\000.\0003\000.\0002\000.\0002\000\040\000r\000e\000a\000d\000N\000e\000x\000t\000R\000o\000w\000\050\000\051}{subsection.3.3.2}% 13
\BOOKMARK [3][-]{subsubsection.3.3.2.3}{\376\377\0003\000.\0003\000.\0002\000.\0003\000\040\000s\000i\000z\000e\000\050\000\051}{subsection.3.3.2}% 14
\BOOKMARK [1][-]{section.3.4}{\376\377\0003\000.\0004\000\040\003\244\003\265\003\272\003\274\003\267\003\301\003\257\003\311\003\303\003\267\000\040\003\240\003\301\003\277\003\304\003\315\003\300\003\277\003\305\000\040\003\232\003\273\003\254\003\303\003\267\003\302\000\040\000D\000y\000n\000a\000m\000i\000c\000A\000r\000r\000a\000y\000<\000\040\000T\000\040\000>}{chapter.3}% 15
\BOOKMARK [2][-]{subsection.3.4.1}{\376\377\0003\000.\0004\000.\0001\000\040\003\233\003\265\003\300\003\304\003\277\003\274\003\265\003\301\003\256\003\302\000\040\003\240\003\265\003\301\003\271\003\263\003\301\003\261\003\306\003\256}{section.3.4}% 16
\BOOKMARK [2][-]{subsection.3.4.2}{\376\377\0003\000.\0004\000.\0002\000\040\003\244\003\265\003\272\003\274\003\267\003\301\003\257\003\311\003\303\003\267\000\040\003\234\003\265\003\273\003\316\003\275\000\040\003\237\003\301\003\271\003\303\003\274\003\316\003\275\000\040\003\244\003\315\003\300\003\311\003\275}{section.3.4}% 17
\BOOKMARK [3][-]{subsubsection.3.4.2.1}{\376\377\0003\000.\0004\000.\0002\000.\0001\000\040\000i\000t\000e\000r\000a\000t\000o\000r}{subsection.3.4.2}% 18
\BOOKMARK [3][-]{subsubsection.3.4.2.2}{\376\377\0003\000.\0004\000.\0002\000.\0002\000\040\000r\000e\000f\000e\000r\000e\000n\000c\000e}{subsection.3.4.2}% 19
\BOOKMARK [3][-]{subsubsection.3.4.2.3}{\376\377\0003\000.\0004\000.\0002\000.\0003\000\040\000s\000i\000z\000e\000\137\000t\000y\000p\000e}{subsection.3.4.2}% 20
\BOOKMARK [2][-]{subsection.3.4.3}{\376\377\0003\000.\0004\000.\0003\000\040\003\244\003\265\003\272\003\274\003\267\003\301\003\257\003\311\003\303\003\267\000\040\000C\000o\000n\000s\000t\000r\000u\000c\000t\000o\000r\000\040\000\046\000\040\000D\000e\000s\000t\000r\000u\000c\000t\000o\000r}{section.3.4}% 21
\BOOKMARK [3][-]{subsubsection.3.4.3.1}{\376\377\0003\000.\0004\000.\0003\000.\0001\000\040\000D\000y\000n\000a\000m\000i\000c\000A\000r\000r\000a\000y\000\050\000\051\000\040\000[\0001\000/\0004\000]}{subsection.3.4.3}% 22
\BOOKMARK [3][-]{subsubsection.3.4.3.2}{\376\377\0003\000.\0004\000.\0003\000.\0002\000\040\000D\000y\000n\000a\000m\000i\000c\000A\000r\000r\000a\000y\000\050\000\051\000\040\000[\0002\000/\0004\000]}{subsection.3.4.3}% 23
\BOOKMARK [3][-]{subsubsection.3.4.3.3}{\376\377\0003\000.\0004\000.\0003\000.\0003\000\040\000D\000y\000n\000a\000m\000i\000c\000A\000r\000r\000a\000y\000\050\000\051\000\040\000[\0003\000/\0004\000]}{subsection.3.4.3}% 24
\BOOKMARK [3][-]{subsubsection.3.4.3.4}{\376\377\0003\000.\0004\000.\0003\000.\0004\000\040\000D\000y\000n\000a\000m\000i\000c\000A\000r\000r\000a\000y\000\050\000\051\000\040\000[\0004\000/\0004\000]}{subsection.3.4.3}% 25
\BOOKMARK [3][-]{subsubsection.3.4.3.5}{\376\377\0003\000.\0004\000.\0003\000.\0005\000\040\000\040\000D\000y\000n\000a\000m\000i\000c\000A\000r\000r\000a\000y\000\050\000\051}{subsection.3.4.3}% 26
\BOOKMARK [2][-]{subsection.3.4.4}{\376\377\0003\000.\0004\000.\0004\000\040\003\244\003\265\003\272\003\274\003\267\003\301\003\257\003\311\003\303\003\267\000\040\003\243\003\305\003\275\003\261\003\301\003\304\003\256\003\303\003\265\003\311\003\275\000\040\003\234\003\265\003\273\003\316\003\275}{section.3.4}% 27
\BOOKMARK [3][-]{subsubsection.3.4.4.1}{\376\377\0003\000.\0004\000.\0004\000.\0001\000\040\000b\000e\000g\000i\000n\000\050\000\051}{subsection.3.4.4}% 28
\BOOKMARK [3][-]{subsubsection.3.4.4.2}{\376\377\0003\000.\0004\000.\0004\000.\0002\000\040\000c\000a\000p\000a\000c\000i\000t\000y\000\050\000\051}{subsection.3.4.4}% 29
\BOOKMARK [3][-]{subsubsection.3.4.4.3}{\376\377\0003\000.\0004\000.\0004\000.\0003\000\040\000c\000l\000e\000a\000r\000\050\000\051}{subsection.3.4.4}% 30
\BOOKMARK [3][-]{subsubsection.3.4.4.4}{\376\377\0003\000.\0004\000.\0004\000.\0004\000\040\000e\000m\000p\000l\000a\000c\000e\000\137\000b\000a\000c\000k\000\050\000\051}{subsection.3.4.4}% 31
\BOOKMARK [3][-]{subsubsection.3.4.4.5}{\376\377\0003\000.\0004\000.\0004\000.\0005\000\040\000e\000n\000d\000\050\000\051}{subsection.3.4.4}% 32
\BOOKMARK [3][-]{subsubsection.3.4.4.6}{\376\377\0003\000.\0004\000.\0004\000.\0006\000\040\000e\000r\000a\000s\000e\000\050\000\051}{subsection.3.4.4}% 33
\BOOKMARK [3][-]{subsubsection.3.4.4.7}{\376\377\0003\000.\0004\000.\0004\000.\0007\000\040\000m\000o\000v\000e\000\137\000s\000t\000o\000r\000a\000g\000e\000\050\000\051}{subsection.3.4.4}% 34
\BOOKMARK [3][-]{subsubsection.3.4.4.8}{\376\377\0003\000.\0004\000.\0004\000.\0008\000\040\000o\000p\000e\000r\000a\000t\000o\000r\000=\000\050\000\051}{subsection.3.4.4}% 35
\BOOKMARK [3][-]{subsubsection.3.4.4.9}{\376\377\0003\000.\0004\000.\0004\000.\0009\000\040\000o\000p\000e\000r\000a\000t\000o\000r\000[\000]\000\050\000\051}{subsection.3.4.4}% 36
\BOOKMARK [3][-]{subsubsection.3.4.4.10}{\376\377\0003\000.\0004\000.\0004\000.\0001\0000\000\040\000p\000o\000p\000\137\000b\000a\000c\000k\000\050\000\051}{subsection.3.4.4}% 37
\BOOKMARK [3][-]{subsubsection.3.4.4.11}{\376\377\0003\000.\0004\000.\0004\000.\0001\0001\000\040\000p\000u\000s\000h\000\137\000b\000a\000c\000k\000\050\000\051}{subsection.3.4.4}% 38
\BOOKMARK [3][-]{subsubsection.3.4.4.12}{\376\377\0003\000.\0004\000.\0004\000.\0001\0002\000\040\000r\000e\000a\000l\000l\000o\000c\000a\000t\000e\000\050\000\051}{subsection.3.4.4}% 39
\BOOKMARK [3][-]{subsubsection.3.4.4.13}{\376\377\0003\000.\0004\000.\0004\000.\0001\0003\000\040\000s\000i\000z\000e\000\050\000\051}{subsection.3.4.4}% 40
\BOOKMARK [3][-]{subsubsection.3.4.4.14}{\376\377\0003\000.\0004\000.\0004\000.\0001\0004\000\040\000s\000w\000a\000p\000\050\000\051}{subsection.3.4.4}% 41
\BOOKMARK [1][-]{section.3.5}{\376\377\0003\000.\0005\000\040\003\244\003\265\003\272\003\274\003\267\003\301\003\257\003\311\003\303\003\267\000\040\003\232\003\273\003\254\003\303\003\267\003\302\000\040\000E\000n\000v\000i\000r\000o\000n\000m\000e\000n\000t}{chapter.3}% 42
\BOOKMARK [2][-]{subsection.3.5.1}{\376\377\0003\000.\0005\000.\0001\000\040\003\233\003\265\003\300\003\304\003\277\003\274\003\265\003\301\003\256\003\302\000\040\003\240\003\265\003\301\003\271\003\263\003\301\003\261\003\306\003\256}{section.3.5}% 43
\BOOKMARK [2][-]{subsection.3.5.2}{\376\377\0003\000.\0005\000.\0002\000\040\003\244\003\265\003\272\003\274\003\267\003\301\003\257\003\311\003\303\003\267\000\040\000C\000o\000n\000s\000t\000r\000u\000c\000t\000o\000r\000\040\000\046\000\040\000D\000e\000s\000t\000r\000u\000c\000t\000o\000r}{section.3.5}% 44
\BOOKMARK [3][-]{subsubsection.3.5.2.1}{\376\377\0003\000.\0005\000.\0002\000.\0001\000\040\000E\000n\000v\000i\000r\000o\000n\000m\000e\000n\000t\000\050\000\051\000\040\000[\0001\000/\0003\000]}{subsection.3.5.2}% 45
\BOOKMARK [3][-]{subsubsection.3.5.2.2}{\376\377\0003\000.\0005\000.\0002\000.\0002\000\040\000E\000n\000v\000i\000r\000o\000n\000m\000e\000n\000t\000\050\000\051\000\040\000[\0002\000/\0003\000]}{subsection.3.5.2}% 46
\BOOKMARK [3][-]{subsubsection.3.5.2.3}{\376\377\0003\000.\0005\000.\0002\000.\0003\000\040\000E\000n\000v\000i\000r\000o\000n\000m\000e\000n\000t\000\050\000\051\000\040\000[\0003\000/\0003\000]}{subsection.3.5.2}% 47
\BOOKMARK [3][-]{subsubsection.3.5.2.4}{\376\377\0003\000.\0005\000.\0002\000.\0004\000\040\000\040\000E\000n\000v\000i\000r\000o\000n\000m\000e\000n\000t\000\050\000\051}{subsection.3.5.2}% 48
\BOOKMARK [2][-]{subsection.3.5.3}{\376\377\0003\000.\0005\000.\0003\000\040\003\244\003\265\003\272\003\274\003\267\003\301\003\257\003\311\003\303\003\267\000\040\003\243\003\305\003\275\003\261\003\301\003\304\003\256\003\303\003\265\003\311\003\275\000\040\003\234\003\265\003\273\003\316\003\275}{section.3.5}% 49
\BOOKMARK [3][-]{subsubsection.3.5.3.1}{\376\377\0003\000.\0005\000.\0003\000.\0001\000\040\000a\000d\000d\000I\000t\000e\000m\000T\000o\000G\000r\000o\000u\000n\000d\000\050\000\051\000\040\000[\0001\000/\0002\000]}{subsection.3.5.3}% 50
\BOOKMARK [3][-]{subsubsection.3.5.3.2}{\376\377\0003\000.\0005\000.\0003\000.\0002\000\040\000a\000d\000d\000I\000t\000e\000m\000T\000o\000G\000r\000o\000u\000n\000d\000\050\000\051\000\040\000[\0002\000/\0002\000]}{subsection.3.5.3}% 51
\BOOKMARK [3][-]{subsubsection.3.5.3.3}{\376\377\0003\000.\0005\000.\0003\000.\0003\000\040\000a\000d\000d\000I\000t\000e\000m\000T\000o\000I\000n\000v\000\050\000\051}{subsection.3.5.3}% 52
\BOOKMARK [3][-]{subsubsection.3.5.3.4}{\376\377\0003\000.\0005\000.\0003\000.\0004\000\040\000g\000e\000n\000e\000r\000a\000t\000e\000G\000r\000i\000d\000\050\000\051}{subsection.3.5.3}% 53
\BOOKMARK [3][-]{subsubsection.3.5.3.5}{\376\377\0003\000.\0005\000.\0003\000.\0005\000\040\000g\000e\000t\000I\000t\000e\000m\000s\000N\000e\000a\000r\000P\000l\000a\000y\000e\000r\000\050\000\051}{subsection.3.5.3}% 54
\BOOKMARK [3][-]{subsubsection.3.5.3.6}{\376\377\0003\000.\0005\000.\0003\000.\0006\000\040\000g\000e\000t\000P\000l\000a\000y\000e\000r\000C\000r\000a\000f\000t\000\050\000\051}{subsection.3.5.3}% 55
\BOOKMARK [3][-]{subsubsection.3.5.3.7}{\376\377\0003\000.\0005\000.\0003\000.\0007\000\040\000g\000e\000t\000P\000l\000a\000y\000e\000r\000I\000t\000e\000m\000\050\000\051}{subsection.3.5.3}% 56
\BOOKMARK [3][-]{subsubsection.3.5.3.8}{\376\377\0003\000.\0005\000.\0003\000.\0008\000\040\000h\000a\000n\000d\000l\000e\000L\000o\000a\000d\000e\000d\000D\000a\000t\000a\000\050\000\051}{subsection.3.5.3}% 57
\BOOKMARK [3][-]{subsubsection.3.5.3.9}{\376\377\0003\000.\0005\000.\0003\000.\0009\000\040\000m\000o\000v\000e\000P\000l\000a\000y\000e\000r\000\050\000\051}{subsection.3.5.3}% 58
\BOOKMARK [3][-]{subsubsection.3.5.3.10}{\376\377\0003\000.\0005\000.\0003\000.\0001\0000\000\040\000r\000e\000m\000o\000v\000e\000F\000r\000o\000m\000P\000l\000a\000y\000e\000r\000I\000n\000v\000\050\000\051}{subsection.3.5.3}% 59
\BOOKMARK [3][-]{subsubsection.3.5.3.11}{\376\377\0003\000.\0005\000.\0003\000.\0001\0001\000\040\000r\000e\000m\000o\000v\000e\000I\000t\000e\000m\000F\000r\000o\000m\000G\000r\000o\000u\000n\000d\000\050\000\051}{subsection.3.5.3}% 60
\BOOKMARK [2][-]{subsection.3.5.4}{\376\377\0003\000.\0005\000.\0004\000\040\003\244\003\265\003\272\003\274\003\267\003\301\003\257\003\311\003\303\003\267\000\040\003\224\003\265\003\264\003\277\003\274\003\255\003\275\003\311\003\275\000\040\003\234\003\265\003\273\003\316\003\275}{section.3.5}% 61
\BOOKMARK [3][-]{subsubsection.3.5.4.1}{\376\377\0003\000.\0005\000.\0004\000.\0001\000\040\000l\000a\000s\000t\000I\000D}{subsection.3.5.4}% 62
\BOOKMARK [1][-]{section.3.6}{\376\377\0003\000.\0006\000\040\003\244\003\265\003\272\003\274\003\267\003\301\003\257\003\311\003\303\003\267\000\040\003\232\003\273\003\254\003\303\003\267\003\302\000\040\000G\000a\000m\000e\000S\000c\000e\000n\000e}{chapter.3}% 63
\BOOKMARK [1][-]{section.3.7}{\376\377\0003\000.\0007\000\040\003\244\003\265\003\272\003\274\003\267\003\301\003\257\003\311\003\303\003\267\000\040\003\232\003\273\003\254\003\303\003\267\003\302\000\040\000H\000u\000t}{chapter.3}% 64
\BOOKMARK [2][-]{subsection.3.7.1}{\376\377\0003\000.\0007\000.\0001\000\040\003\233\003\265\003\300\003\304\003\277\003\274\003\265\003\301\003\256\003\302\000\040\003\240\003\265\003\301\003\271\003\263\003\301\003\261\003\306\003\256}{section.3.7}% 65
\BOOKMARK [1][-]{section.3.8}{\376\377\0003\000.\0008\000\040\003\244\003\265\003\272\003\274\003\267\003\301\003\257\003\311\003\303\003\267\000\040\003\232\003\273\003\254\003\303\003\267\003\302\000\040\000I\000n\000v\000e\000n\000t\000o\000r\000y}{chapter.3}% 66
\BOOKMARK [2][-]{subsection.3.8.1}{\376\377\0003\000.\0008\000.\0001\000\040\003\233\003\265\003\300\003\304\003\277\003\274\003\265\003\301\003\256\003\302\000\040\003\240\003\265\003\301\003\271\003\263\003\301\003\261\003\306\003\256}{section.3.8}% 67
\BOOKMARK [2][-]{subsection.3.8.2}{\376\377\0003\000.\0008\000.\0002\000\040\003\244\003\265\003\272\003\274\003\267\003\301\003\257\003\311\003\303\003\267\000\040\003\243\003\305\003\275\003\261\003\301\003\304\003\256\003\303\003\265\003\311\003\275\000\040\003\234\003\265\003\273\003\316\003\275}{section.3.8}% 68
\BOOKMARK [3][-]{subsubsection.3.8.2.1}{\376\377\0003\000.\0008\000.\0002\000.\0001\000\040\000a\000d\000d\000I\000t\000e\000m\000\050\000\051}{subsection.3.8.2}% 69
\BOOKMARK [3][-]{subsubsection.3.8.2.2}{\376\377\0003\000.\0008\000.\0002\000.\0002\000\040\000g\000e\000t\000I\000n\000v\000e\000n\000t\000o\000r\000y\000I\000t\000e\000m\000s\000\050\000\051}{subsection.3.8.2}% 70
\BOOKMARK [3][-]{subsubsection.3.8.2.3}{\376\377\0003\000.\0008\000.\0002\000.\0003\000\040\000g\000e\000t\000I\000t\000e\000m\000A\000t\000\050\000\051}{subsection.3.8.2}% 71
\BOOKMARK [3][-]{subsubsection.3.8.2.4}{\376\377\0003\000.\0008\000.\0002\000.\0004\000\040\000i\000t\000e\000m\000T\000y\000p\000e\000C\000o\000u\000n\000t\000\050\000\051}{subsection.3.8.2}% 72
\BOOKMARK [3][-]{subsubsection.3.8.2.5}{\376\377\0003\000.\0008\000.\0002\000.\0005\000\040\000r\000e\000m\000o\000v\000e\000A\000f\000t\000e\000r\000C\000r\000a\000f\000t\000i\000n\000g\000\050\000\051}{subsection.3.8.2}% 73
\BOOKMARK [3][-]{subsubsection.3.8.2.6}{\376\377\0003\000.\0008\000.\0002\000.\0006\000\040\000r\000e\000m\000o\000v\000e\000A\000l\000l\000\050\000\051}{subsection.3.8.2}% 74
\BOOKMARK [3][-]{subsubsection.3.8.2.7}{\376\377\0003\000.\0008\000.\0002\000.\0007\000\040\000r\000e\000m\000o\000v\000e\000I\000t\000e\000m\000A\000t\000\050\000\051}{subsection.3.8.2}% 75
\BOOKMARK [1][-]{section.3.9}{\376\377\0003\000.\0009\000\040\003\244\003\265\003\272\003\274\003\267\003\301\003\257\003\311\003\303\003\267\000\040\003\232\003\273\003\254\003\303\003\267\003\302\000\040\000I\000o\000C\000l\000a\000s\000s}{chapter.3}% 76
\BOOKMARK [2][-]{subsection.3.9.1}{\376\377\0003\000.\0009\000.\0001\000\040\003\233\003\265\003\300\003\304\003\277\003\274\003\265\003\301\003\256\003\302\000\040\003\240\003\265\003\301\003\271\003\263\003\301\003\261\003\306\003\256}{section.3.9}% 77
\BOOKMARK [2][-]{subsection.3.9.2}{\376\377\0003\000.\0009\000.\0002\000\040\003\244\003\265\003\272\003\274\003\267\003\301\003\257\003\311\003\303\003\267\000\040\000C\000o\000n\000s\000t\000r\000u\000c\000t\000o\000r\000\040\000\046\000\040\000D\000e\000s\000t\000r\000u\000c\000t\000o\000r}{section.3.9}% 78
\BOOKMARK [3][-]{subsubsection.3.9.2.1}{\376\377\0003\000.\0009\000.\0002\000.\0001\000\040\000\040\000I\000o\000C\000l\000a\000s\000s\000\050\000\051}{subsection.3.9.2}% 79
\BOOKMARK [2][-]{subsection.3.9.3}{\376\377\0003\000.\0009\000.\0003\000\040\003\244\003\265\003\272\003\274\003\267\003\301\003\257\003\311\003\303\003\267\000\040\003\243\003\305\003\275\003\261\003\301\003\304\003\256\003\303\003\265\003\311\003\275\000\040\003\234\003\265\003\273\003\316\003\275}{section.3.9}% 80
\BOOKMARK [3][-]{subsubsection.3.9.3.1}{\376\377\0003\000.\0009\000.\0003\000.\0001\000\040\000g\000e\000t\000I\000n\000p\000u\000t\000\050\000\051}{subsection.3.9.3}% 81
\BOOKMARK [3][-]{subsubsection.3.9.3.2}{\376\377\0003\000.\0009\000.\0003\000.\0002\000\040\000g\000e\000t\000M\000a\000x\000X\000\050\000\051}{subsection.3.9.3}% 82
\BOOKMARK [3][-]{subsubsection.3.9.3.3}{\376\377\0003\000.\0009\000.\0003\000.\0003\000\040\000g\000e\000t\000M\000a\000x\000Y\000\050\000\051}{subsection.3.9.3}% 83
\BOOKMARK [3][-]{subsubsection.3.9.3.4}{\376\377\0003\000.\0009\000.\0003\000.\0004\000\040\000l\000o\000a\000d\000F\000r\000o\000m\000F\000i\000l\000e\000\050\000\051}{subsection.3.9.3}% 84
\BOOKMARK [3][-]{subsubsection.3.9.3.5}{\376\377\0003\000.\0009\000.\0003\000.\0005\000\040\000p\000r\000i\000n\000t\000E\000n\000v\000i\000r\000o\000n\000m\000e\000n\000t\000\050\000\051}{subsection.3.9.3}% 85
\BOOKMARK [3][-]{subsubsection.3.9.3.6}{\376\377\0003\000.\0009\000.\0003\000.\0006\000\040\000p\000r\000i\000n\000t\000P\000l\000a\000y\000e\000r\000S\000t\000a\000t\000s\000\050\000\051}{subsection.3.9.3}% 86
\BOOKMARK [3][-]{subsubsection.3.9.3.7}{\376\377\0003\000.\0009\000.\0003\000.\0007\000\040\000p\000r\000i\000n\000t\000T\000o\000C\000o\000o\000r\000d\000s\000A\000n\000i\000m\000a\000t\000e\000d\000\050\000\051}{subsection.3.9.3}% 87
\BOOKMARK [3][-]{subsubsection.3.9.3.8}{\376\377\0003\000.\0009\000.\0003\000.\0008\000\040\000r\000e\000a\000d\000S\000t\000r\000i\000n\000g\000\050\000\051}{subsection.3.9.3}% 88
\BOOKMARK [3][-]{subsubsection.3.9.3.9}{\376\377\0003\000.\0009\000.\0003\000.\0009\000\040\000s\000a\000v\000e\000T\000o\000F\000i\000l\000e\000\050\000\051}{subsection.3.9.3}% 89
\BOOKMARK [3][-]{subsubsection.3.9.3.10}{\376\377\0003\000.\0009\000.\0003\000.\0001\0000\000\040\000s\000h\000o\000w\000M\000e\000n\000u\000\050\000\051}{subsection.3.9.3}% 90
\BOOKMARK [1][-]{section.3.10}{\376\377\0003\000.\0001\0000\000\040\003\244\003\265\003\272\003\274\003\267\003\301\003\257\003\311\003\303\003\267\000\040\003\232\003\273\003\254\003\303\003\267\003\302\000\040\000I\000t\000e\000m}{chapter.3}% 91
\BOOKMARK [2][-]{subsection.3.10.1}{\376\377\0003\000.\0001\0000\000.\0001\000\040\003\233\003\265\003\300\003\304\003\277\003\274\003\265\003\301\003\256\003\302\000\040\003\240\003\265\003\301\003\271\003\263\003\301\003\261\003\306\003\256}{section.3.10}% 92
\BOOKMARK [2][-]{subsection.3.10.2}{\376\377\0003\000.\0001\0000\000.\0002\000\040\003\244\003\265\003\272\003\274\003\267\003\301\003\257\003\311\003\303\003\267\000\040\003\243\003\305\003\275\003\261\003\301\003\304\003\256\003\303\003\265\003\311\003\275\000\040\003\234\003\265\003\273\003\316\003\275}{section.3.10}% 93
\BOOKMARK [3][-]{subsubsection.3.10.2.1}{\376\377\0003\000.\0001\0000\000.\0002\000.\0001\000\040\000o\000p\000e\000r\000a\000t\000o\000r\000+\000\050\000\051}{subsection.3.10.2}% 94
\BOOKMARK [1][-]{section.3.11}{\376\377\0003\000.\0001\0001\000\040\003\244\003\265\003\272\003\274\003\267\003\301\003\257\003\311\003\303\003\267\000\040\003\232\003\273\003\254\003\303\003\267\003\302\000\040\000L\000e\000a\000f\000s}{chapter.3}% 95
\BOOKMARK [2][-]{subsection.3.11.1}{\376\377\0003\000.\0001\0001\000.\0001\000\040\003\233\003\265\003\300\003\304\003\277\003\274\003\265\003\301\003\256\003\302\000\040\003\240\003\265\003\301\003\271\003\263\003\301\003\261\003\306\003\256}{section.3.11}% 96
\BOOKMARK [1][-]{section.3.12}{\376\377\0003\000.\0001\0002\000\040\003\244\003\265\003\272\003\274\003\267\003\301\003\257\003\311\003\303\003\267\000\040\003\232\003\273\003\254\003\303\003\267\003\302\000\040\000L\000i\000g\000h\000t\000e\000d\000T\000o\000r\000c\000h}{chapter.3}% 97
\BOOKMARK [2][-]{subsection.3.12.1}{\376\377\0003\000.\0001\0002\000.\0001\000\040\003\233\003\265\003\300\003\304\003\277\003\274\003\265\003\301\003\256\003\302\000\040\003\240\003\265\003\301\003\271\003\263\003\301\003\261\003\306\003\256}{section.3.12}% 98
\BOOKMARK [1][-]{section.3.13}{\376\377\0003\000.\0001\0003\000\040\003\244\003\265\003\272\003\274\003\267\003\301\003\257\003\311\003\303\003\267\000\040\003\232\003\273\003\254\003\303\003\267\003\302\000\040\000L\000i\000g\000h\000t\000e\000r}{chapter.3}% 99
\BOOKMARK [2][-]{subsection.3.13.1}{\376\377\0003\000.\0001\0003\000.\0001\000\040\003\233\003\265\003\300\003\304\003\277\003\274\003\265\003\301\003\256\003\302\000\040\003\240\003\265\003\301\003\271\003\263\003\301\003\261\003\306\003\256}{section.3.13}% 100
\BOOKMARK [1][-]{section.3.14}{\376\377\0003\000.\0001\0004\000\040\003\244\003\265\003\272\003\274\003\267\003\301\003\257\003\311\003\303\003\267\000\040\003\232\003\273\003\254\003\303\003\267\003\302\000\040\000O\000p\000e\000n\000C\000o\000c\000o\000n\000u\000t}{chapter.3}% 101
\BOOKMARK [2][-]{subsection.3.14.1}{\376\377\0003\000.\0001\0004\000.\0001\000\040\003\233\003\265\003\300\003\304\003\277\003\274\003\265\003\301\003\256\003\302\000\040\003\240\003\265\003\301\003\271\003\263\003\301\003\261\003\306\003\256}{section.3.14}% 102
\BOOKMARK [1][-]{section.3.15}{\376\377\0003\000.\0001\0005\000\040\003\244\003\265\003\272\003\274\003\267\003\301\003\257\003\311\003\303\003\267\000\040\003\232\003\273\003\254\003\303\003\267\003\302\000\040\000P\000l\000a\000y\000e\000r}{chapter.3}% 103
\BOOKMARK [2][-]{subsection.3.15.1}{\376\377\0003\000.\0001\0005\000.\0001\000\040\003\233\003\265\003\300\003\304\003\277\003\274\003\265\003\301\003\256\003\302\000\040\003\240\003\265\003\301\003\271\003\263\003\301\003\261\003\306\003\256}{section.3.15}% 104
\BOOKMARK [2][-]{subsection.3.15.2}{\376\377\0003\000.\0001\0005\000.\0002\000\040\003\244\003\265\003\272\003\274\003\267\003\301\003\257\003\311\003\303\003\267\000\040\000C\000o\000n\000s\000t\000r\000u\000c\000t\000o\000r\000\040\000\046\000\040\000D\000e\000s\000t\000r\000u\000c\000t\000o\000r}{section.3.15}% 105
\BOOKMARK [3][-]{subsubsection.3.15.2.1}{\376\377\0003\000.\0001\0005\000.\0002\000.\0001\000\040\000P\000l\000a\000y\000e\000r\000\050\000\051}{subsection.3.15.2}% 106
\BOOKMARK [2][-]{subsection.3.15.3}{\376\377\0003\000.\0001\0005\000.\0003\000\040\003\244\003\265\003\272\003\274\003\267\003\301\003\257\003\311\003\303\003\267\000\040\003\243\003\305\003\275\003\261\003\301\003\304\003\256\003\303\003\265\003\311\003\275\000\040\003\234\003\265\003\273\003\316\003\275}{section.3.15}% 107
\BOOKMARK [3][-]{subsubsection.3.15.3.1}{\376\377\0003\000.\0001\0005\000.\0003\000.\0001\000\040\000a\000d\000d\000T\000o\000I\000n\000v\000e\000n\000t\000o\000r\000y\000\050\000\051}{subsection.3.15.3}% 108
\BOOKMARK [3][-]{subsubsection.3.15.3.2}{\376\377\0003\000.\0001\0005\000.\0003\000.\0002\000\040\000g\000e\000t\000C\000r\000a\000f\000t\000e\000d\000\050\000\051}{subsection.3.15.3}% 109
\BOOKMARK [3][-]{subsubsection.3.15.3.3}{\376\377\0003\000.\0001\0005\000.\0003\000.\0003\000\040\000g\000e\000t\000H\000u\000n\000g\000e\000r\000\050\000\051}{subsection.3.15.3}% 110
\BOOKMARK [3][-]{subsubsection.3.15.3.4}{\376\377\0003\000.\0001\0005\000.\0003\000.\0004\000\040\000g\000e\000t\000I\000n\000v\000e\000n\000t\000o\000r\000y\000\050\000\051}{subsection.3.15.3}% 111
\BOOKMARK [3][-]{subsubsection.3.15.3.5}{\376\377\0003\000.\0001\0005\000.\0003\000.\0005\000\040\000g\000e\000t\000I\000t\000e\000m\000A\000t\000\050\000\051}{subsection.3.15.3}% 112
\BOOKMARK [3][-]{subsubsection.3.15.3.6}{\376\377\0003\000.\0001\0005\000.\0003\000.\0006\000\040\000g\000e\000t\000I\000t\000e\000m\000s\000\050\000\051}{subsection.3.15.3}% 113
\BOOKMARK [3][-]{subsubsection.3.15.3.7}{\376\377\0003\000.\0001\0005\000.\0003\000.\0007\000\040\000g\000e\000t\000N\000a\000m\000e\000\050\000\051}{subsection.3.15.3}% 114
\BOOKMARK [3][-]{subsubsection.3.15.3.8}{\376\377\0003\000.\0001\0005\000.\0003\000.\0008\000\040\000g\000e\000t\000P\000o\000s\000i\000t\000i\000o\000n\000\050\000\051}{subsection.3.15.3}% 115
\BOOKMARK [3][-]{subsubsection.3.15.3.9}{\376\377\0003\000.\0001\0005\000.\0003\000.\0009\000\040\000m\000o\000v\000e\000T\000o\000C\000o\000o\000r\000d\000i\000n\000a\000t\000e\000s\000\050\000\051\000\040\000[\0001\000/\0002\000]}{subsection.3.15.3}% 116
\BOOKMARK [3][-]{subsubsection.3.15.3.10}{\376\377\0003\000.\0001\0005\000.\0003\000.\0001\0000\000\040\000m\000o\000v\000e\000T\000o\000C\000o\000o\000r\000d\000i\000n\000a\000t\000e\000s\000\050\000\051\000\040\000[\0002\000/\0002\000]}{subsection.3.15.3}% 117
\BOOKMARK [3][-]{subsubsection.3.15.3.11}{\376\377\0003\000.\0001\0005\000.\0003\000.\0001\0001\000\040\000r\000e\000m\000o\000v\000e\000A\000f\000t\000e\000r\000C\000r\000a\000f\000t\000i\000n\000g\000\050\000\051}{subsection.3.15.3}% 118
\BOOKMARK [3][-]{subsubsection.3.15.3.12}{\376\377\0003\000.\0001\0005\000.\0003\000.\0001\0002\000\040\000r\000e\000m\000o\000v\000e\000A\000l\000l\000F\000r\000o\000m\000P\000l\000a\000y\000e\000r\000\050\000\051}{subsection.3.15.3}% 119
\BOOKMARK [3][-]{subsubsection.3.15.3.13}{\376\377\0003\000.\0001\0005\000.\0003\000.\0001\0003\000\040\000r\000e\000m\000o\000v\000e\000F\000r\000o\000m\000I\000n\000v\000e\000n\000t\000o\000r\000y\000\050\000\051}{subsection.3.15.3}% 120
\BOOKMARK [3][-]{subsubsection.3.15.3.14}{\376\377\0003\000.\0001\0005\000.\0003\000.\0001\0004\000\040\000s\000h\000o\000w\000I\000n\000v\000e\000n\000t\000o\000r\000y\000\050\000\051}{subsection.3.15.3}% 121
\BOOKMARK [1][-]{section.3.16}{\376\377\0003\000.\0001\0006\000\040\003\244\003\265\003\272\003\274\003\267\003\301\003\257\003\311\003\303\003\267\000\040\003\232\003\273\003\254\003\303\003\267\003\302\000\040\000R\000o\000c\000k}{chapter.3}% 122
\BOOKMARK [2][-]{subsection.3.16.1}{\376\377\0003\000.\0001\0006\000.\0001\000\040\003\233\003\265\003\300\003\304\003\277\003\274\003\265\003\301\003\256\003\302\000\040\003\240\003\265\003\301\003\271\003\263\003\301\003\261\003\306\003\256}{section.3.16}% 123
\BOOKMARK [1][-]{section.3.17}{\376\377\0003\000.\0001\0007\000\040\003\244\003\265\003\272\003\274\003\267\003\301\003\257\003\311\003\303\003\267\000\040\003\240\003\301\003\277\003\304\003\315\003\300\003\277\003\305\000\040\003\232\003\273\003\254\003\303\003\267\003\302\000\040\000V\000e\000c\000t\000o\000r\0002\000D\000<\000\040\000T\000\040\000>}{chapter.3}% 124
\BOOKMARK [2][-]{subsection.3.17.1}{\376\377\0003\000.\0001\0007\000.\0001\000\040\003\233\003\265\003\300\003\304\003\277\003\274\003\265\003\301\003\256\003\302\000\040\003\240\003\265\003\301\003\271\003\263\003\301\003\261\003\306\003\256}{section.3.17}% 125
\BOOKMARK [2][-]{subsection.3.17.2}{\376\377\0003\000.\0001\0007\000.\0002\000\040\003\244\003\265\003\272\003\274\003\267\003\301\003\257\003\311\003\303\003\267\000\040\000C\000o\000n\000s\000t\000r\000u\000c\000t\000o\000r\000\040\000\046\000\040\000D\000e\000s\000t\000r\000u\000c\000t\000o\000r}{section.3.17}% 126
\BOOKMARK [3][-]{subsubsection.3.17.2.1}{\376\377\0003\000.\0001\0007\000.\0002\000.\0001\000\040\000V\000e\000c\000t\000o\000r\0002\000D\000\050\000\051\000\040\000[\0001\000/\0003\000]}{subsection.3.17.2}% 127
\BOOKMARK [3][-]{subsubsection.3.17.2.2}{\376\377\0003\000.\0001\0007\000.\0002\000.\0002\000\040\000V\000e\000c\000t\000o\000r\0002\000D\000\050\000\051\000\040\000[\0002\000/\0003\000]}{subsection.3.17.2}% 128
\BOOKMARK [3][-]{subsubsection.3.17.2.3}{\376\377\0003\000.\0001\0007\000.\0002\000.\0003\000\040\000V\000e\000c\000t\000o\000r\0002\000D\000\050\000\051\000\040\000[\0003\000/\0003\000]}{subsection.3.17.2}% 129
\BOOKMARK [2][-]{subsection.3.17.3}{\376\377\0003\000.\0001\0007\000.\0003\000\040\003\244\003\265\003\272\003\274\003\267\003\301\003\257\003\311\003\303\003\267\000\040\003\243\003\305\003\275\003\261\003\301\003\304\003\256\003\303\003\265\003\311\003\275\000\040\003\234\003\265\003\273\003\316\003\275}{section.3.17}% 130
\BOOKMARK [3][-]{subsubsection.3.17.3.1}{\376\377\0003\000.\0001\0007\000.\0003\000.\0001\000\040\000l\000e\000n\000g\000t\000h\000\050\000\051}{subsection.3.17.3}% 131
\BOOKMARK [3][-]{subsubsection.3.17.3.2}{\376\377\0003\000.\0001\0007\000.\0003\000.\0002\000\040\000n\000o\000r\000m\000a\000l\000i\000z\000e\000\050\000\051}{subsection.3.17.3}% 132
\BOOKMARK [3][-]{subsubsection.3.17.3.3}{\376\377\0003\000.\0001\0007\000.\0003\000.\0003\000\040\000o\000p\000e\000r\000a\000t\000o\000r\000*\000\050\000\051}{subsection.3.17.3}% 133
\BOOKMARK [3][-]{subsubsection.3.17.3.4}{\376\377\0003\000.\0001\0007\000.\0003\000.\0004\000\040\000o\000p\000e\000r\000a\000t\000o\000r\000*\000=\000\050\000\051}{subsection.3.17.3}% 134
\BOOKMARK [3][-]{subsubsection.3.17.3.5}{\376\377\0003\000.\0001\0007\000.\0003\000.\0005\000\040\000o\000p\000e\000r\000a\000t\000o\000r\000+\000\050\000\051\000\040\000[\0001\000/\0002\000]}{subsection.3.17.3}% 135
\BOOKMARK [3][-]{subsubsection.3.17.3.6}{\376\377\0003\000.\0001\0007\000.\0003\000.\0006\000\040\000o\000p\000e\000r\000a\000t\000o\000r\000+\000\050\000\051\000\040\000[\0002\000/\0002\000]}{subsection.3.17.3}% 136
\BOOKMARK [3][-]{subsubsection.3.17.3.7}{\376\377\0003\000.\0001\0007\000.\0003\000.\0007\000\040\000o\000p\000e\000r\000a\000t\000o\000r\000+\000=\000\050\000\051\000\040\000[\0001\000/\0002\000]}{subsection.3.17.3}% 137
\BOOKMARK [3][-]{subsubsection.3.17.3.8}{\376\377\0003\000.\0001\0007\000.\0003\000.\0008\000\040\000o\000p\000e\000r\000a\000t\000o\000r\000+\000=\000\050\000\051\000\040\000[\0002\000/\0002\000]}{subsection.3.17.3}% 138
\BOOKMARK [3][-]{subsubsection.3.17.3.9}{\376\377\0003\000.\0001\0007\000.\0003\000.\0009\000\040\000o\000p\000e\000r\000a\000t\000o\000r\000-\000\050\000\051\000\040\000[\0001\000/\0002\000]}{subsection.3.17.3}% 139
\BOOKMARK [3][-]{subsubsection.3.17.3.10}{\376\377\0003\000.\0001\0007\000.\0003\000.\0001\0000\000\040\000o\000p\000e\000r\000a\000t\000o\000r\000-\000\050\000\051\000\040\000[\0002\000/\0002\000]}{subsection.3.17.3}% 140
\BOOKMARK [3][-]{subsubsection.3.17.3.11}{\376\377\0003\000.\0001\0007\000.\0003\000.\0001\0001\000\040\000o\000p\000e\000r\000a\000t\000o\000r\000-\000=\000\050\000\051\000\040\000[\0001\000/\0002\000]}{subsection.3.17.3}% 141
\BOOKMARK [3][-]{subsubsection.3.17.3.12}{\376\377\0003\000.\0001\0007\000.\0003\000.\0001\0002\000\040\000o\000p\000e\000r\000a\000t\000o\000r\000-\000=\000\050\000\051\000\040\000[\0002\000/\0002\000]}{subsection.3.17.3}% 142
\BOOKMARK [3][-]{subsubsection.3.17.3.13}{\376\377\0003\000.\0001\0007\000.\0003\000.\0001\0003\000\040\000o\000p\000e\000r\000a\000t\000o\000r\000/\000\050\000\051}{subsection.3.17.3}% 143
\BOOKMARK [3][-]{subsubsection.3.17.3.14}{\376\377\0003\000.\0001\0007\000.\0003\000.\0001\0004\000\040\000o\000p\000e\000r\000a\000t\000o\000r\000/\000=\000\050\000\051}{subsection.3.17.3}% 144
\BOOKMARK [3][-]{subsubsection.3.17.3.15}{\376\377\0003\000.\0001\0007\000.\0003\000.\0001\0005\000\040\000o\000p\000e\000r\000a\000t\000o\000r\000=\000\050\000\051}{subsection.3.17.3}% 145
\BOOKMARK [3][-]{subsubsection.3.17.3.16}{\376\377\0003\000.\0001\0007\000.\0003\000.\0001\0006\000\040\000r\000o\000t\000a\000t\000e\000\050\000\051}{subsection.3.17.3}% 146
\BOOKMARK [3][-]{subsubsection.3.17.3.17}{\376\377\0003\000.\0001\0007\000.\0003\000.\0001\0007\000\040\000s\000e\000t\000\050\000\051}{subsection.3.17.3}% 147
\BOOKMARK [1][-]{section.3.18}{\376\377\0003\000.\0001\0008\000\040\003\244\003\265\003\272\003\274\003\267\003\301\003\257\003\311\003\303\003\267\000\040\003\232\003\273\003\254\003\303\003\267\003\302\000\040\000W\000o\000o\000d\000S\000t\000i\000c\000k}{chapter.3}% 148
\BOOKMARK [2][-]{subsection.3.18.1}{\376\377\0003\000.\0001\0008\000.\0001\000\040\003\233\003\265\003\300\003\304\003\277\003\274\003\265\003\301\003\256\003\302\000\040\003\240\003\265\003\301\003\271\003\263\003\301\003\261\003\306\003\256}{section.3.18}% 149
\BOOKMARK [0][-]{section*.24}{\376\377\000I\000n\000d\000e\000x}{}% 150
